Unity Editor version:    2022.3.18f1 (d29bea25151d)
Branch:                  2022.3/release
Build type:              Release
Batch mode:              YES
System name:             Linux
Distro version:          #46-Ubuntu SMP Tue Jul 12 10:30:17 UTC 2022
Kernel version:          5.15.0-43-generic
Architecture:            x86_64
Available memory:        7804 MB
Using pre-set license
Pro License: YES
Desktop is 1368 x 768 @ 60 Hz
Initialize udev device monitor.

COMMAND LINE ARGUMENTS:
Unity
-adb2
-batchMode
-noUpm
-name
AssetImportWorker0
-projectPath
/home/via/Documents/codigo/Proyectos Pro/Gwent Pro Dah
-logFile
Logs/AssetImportWorker0.log
-srvPort
46669
Successfully changed project path to: /home/via/Documents/codigo/Proyectos Pro/Gwent Pro Dah
/home/via/Documents/codigo/Proyectos Pro/Gwent Pro Dah
[UnityMemory] Configuration Parameters - Can be set up in boot.config
    "memorysetup-bucket-allocator-granularity=16"
    "memorysetup-bucket-allocator-bucket-count=8"
    "memorysetup-bucket-allocator-block-size=33554432"
    "memorysetup-bucket-allocator-block-count=8"
    "memorysetup-main-allocator-block-size=16777216"
    "memorysetup-thread-allocator-block-size=16777216"
    "memorysetup-gfx-main-allocator-block-size=16777216"
    "memorysetup-gfx-thread-allocator-block-size=16777216"
    "memorysetup-cache-allocator-block-size=4194304"
    "memorysetup-typetree-allocator-block-size=2097152"
    "memorysetup-profiler-bucket-allocator-granularity=16"
    "memorysetup-profiler-bucket-allocator-bucket-count=8"
    "memorysetup-profiler-bucket-allocator-block-size=33554432"
    "memorysetup-profiler-bucket-allocator-block-count=8"
    "memorysetup-profiler-allocator-block-size=16777216"
    "memorysetup-profiler-editor-allocator-block-size=1048576"
    "memorysetup-temp-allocator-size-main=16777216"
    "memorysetup-job-temp-allocator-block-size=2097152"
    "memorysetup-job-temp-allocator-block-size-background=1048576"
    "memorysetup-job-temp-allocator-reduction-small-platforms=262144"
    "memorysetup-allocator-temp-initial-block-size-main=262144"
    "memorysetup-allocator-temp-initial-block-size-worker=262144"
    "memorysetup-temp-allocator-size-background-worker=32768"
    "memorysetup-temp-allocator-size-job-worker=262144"
    "memorysetup-temp-allocator-size-preload-manager=33554432"
    "memorysetup-temp-allocator-size-nav-mesh-worker=65536"
    "memorysetup-temp-allocator-size-audio-worker=65536"
    "memorysetup-temp-allocator-size-cloud-worker=32768"
    "memorysetup-temp-allocator-size-gi-baking-worker=262144"
    "memorysetup-temp-allocator-size-gfx=262144"
Player connection [140205044032448] Host "[IP] 192.168.224.37 [Port] 0 [Flags] 2 [Guid] 717175974 [EditorId] 717175974 [Version] 1048832 [Id] LinuxEditor(16,192.168.224.37) [Debug] 1 [PackageName] LinuxEditor [ProjectName] Editor" joined multi-casting on [225.0.0.222:54997]...

Player connection [140205044032448] Host "[IP] 192.168.224.37 [Port] 0 [Flags] 2 [Guid] 717175974 [EditorId] 717175974 [Version] 1048832 [Id] LinuxEditor(16,192.168.224.37) [Debug] 1 [PackageName] LinuxEditor [ProjectName] Editor" joined alternative multi-casting on [225.0.0.222:34997]...

[Physics::Module] Initialized MultithreadedJobDispatcher with 3 workers.
Refreshing native plugins compatible for Editor in 11,71 ms, found 1 plugins.
Preloading 0 native plugins for Editor in 0,00 ms.
Initialize engine version: 2022.3.18f1 (d29bea25151d)
[Subsystems] Discovering subsystems at path /Data/Unity/Hub/Editor/2022.3.18f1/Editor/Data/Resources/UnitySubsystems
[Subsystems] Discovering subsystems at path /home/via/Documents/codigo/Proyectos Pro/Gwent Pro Dah/Assets
GLX Extensions: GLX_ARB_context_flush_control GLX_ARB_create_context GLX_ARB_create_context_no_error GLX_ARB_create_context_profile GLX_ARB_create_context_robustness GLX_ARB_fbconfig_float GLX_ARB_framebuffer_sRGB GLX_ARB_get_proc_address GLX_ARB_multisample GLX_EXT_buffer_age GLX_EXT_create_context_es2_profile GLX_EXT_create_context_es_profile GLX_EXT_fbconfig_packed_float GLX_EXT_framebuffer_sRGB GLX_EXT_no_config_context GLX_EXT_swap_control GLX_EXT_swap_control_tear GLX_EXT_texture_from_pixmap GLX_EXT_visual_info GLX_EXT_visual_rating GLX_MESA_copy_sub_buffer GLX_MESA_query_renderer GLX_MESA_swap_control GLX_OML_swap_method GLX_OML_sync_control GLX_SGIS_multisample GLX_SGIX_fbconfig GLX_SGIX_pbuffer GLX_SGIX_visual_select_group GLX_SGI_make_current_read GLX_SGI_video_sync 
Renderer: Mesa Intel(R) UHD Graphics (TGL GT2)
Vendor:   Intel
Version:  4.6 (Core Profile) Mesa 23.0.4-0ubuntu1~22.04.1
GLES:     0
 GL_3DFX_texture_compression_FXT1 GL_AMD_conservative_depth GL_AMD_depth_clamp_separate GL_AMD_draw_buffers_blend GL_AMD_gpu_shader_int64 GL_AMD_multi_draw_indirect GL_AMD_performance_monitor GL_AMD_pinned_memory GL_AMD_query_buffer_object GL_AMD_seamless_cubemap_per_texture GL_AMD_shader_stencil_export GL_AMD_shader_trinary_minmax GL_AMD_texture_texture4 GL_AMD_vertex_shader_layer GL_AMD_vertex_shader_viewport_index GL_ANGLE_texture_compression_dxt3 GL_ANGLE_texture_compression_dxt5 GL_ARB_ES2_compatibility GL_ARB_ES3_1_compatibility GL_ARB_ES3_2_compatibility GL_ARB_ES3_compatibility GL_ARB_arrays_of_arrays GL_ARB_base_instance GL_ARB_blend_func_extended GL_ARB_buffer_storage GL_ARB_clear_buffer_object GL_ARB_clear_texture GL_ARB_clip_control GL_ARB_compressed_texture_pixel_storage GL_ARB_compute_shader GL_ARB_compute_variable_group_size GL_ARB_conditional_render_inverted GL_ARB_conservative_depth GL_ARB_copy_buffer GL_ARB_copy_image GL_ARB_cull_distance GL_ARB_debug_output GL_ARB_depth_buffer_float GL_ARB
_depth_clamp GL_ARB_derivative_control GL_ARB_direct_state_access GL_ARB_draw_buffers GL_ARB_draw_buffers_blend GL_ARB_draw_elements_base_vertex GL_ARB_draw_indirect GL_ARB_draw_instanced GL_ARB_enhanced_layouts GL_ARB_explicit_attrib_location GL_ARB_explicit_uniform_location GL_ARB_fragment_coord_conventions GL_ARB_fragment_layer_viewport GL_ARB_fragment_shader GL_ARB_fragment_shader_interlock GL_ARB_framebuffer_no_attachments GL_ARB_framebuffer_object GL_ARB_framebuffer_sRGB GL_ARB_get_program_binary GL_ARB_get_texture_sub_image GL_ARB_gl_spirv GL_ARB_gpu_shader5 GL_ARB_gpu_shader_fp64 GL_ARB_gpu_shader_int64 GL_ARB_half_float_pixel GL_ARB_half_float_vertex GL_ARB_indirect_parameters GL_ARB_instanced_arrays GL_ARB_internalformat_query GL_ARB_internalformat_query2 GL_ARB_invalidate_subdata GL_ARB_map_buffer_alignment GL_ARB_map_buffer_range GL_ARB_multi_bind GL_ARB_multi_draw_indirect GL_ARB_occlusion_query2 GL_ARB_parallel_shader_compile GL_ARB_pipeline_statistics_query GL_ARB_pixel_buffer_object GL_ARB_po
int_sprite GL_ARB_polygon_offset_clamp GL_ARB_post_depth_coverage GL_ARB_program_interface_query GL_ARB_provoking_vertex GL_ARB_query_buffer_object GL_ARB_robust_buffer_access_behavior GL_ARB_robustness GL_ARB_sample_shading GL_ARB_sampler_objects GL_ARB_seamless_cube_map GL_ARB_seamless_cubemap_per_texture GL_ARB_separate_shader_objects GL_ARB_shader_atomic_counter_ops GL_ARB_shader_atomic_counters GL_ARB_shader_ballot GL_ARB_shader_bit_encoding GL_ARB_shader_clock GL_ARB_shader_draw_parameters GL_ARB_shader_group_vote GL_ARB_shader_image_load_store GL_ARB_shader_image_size GL_ARB_shader_objects GL_ARB_shader_precision GL_ARB_shader_stencil_export GL_ARB_shader_storage_buffer_object GL_ARB_shader_subroutine GL_ARB_shader_texture_image_samples GL_ARB_shader_texture_lod GL_ARB_shader_viewport_layer_array GL_ARB_shading_language_420pack GL_ARB_shading_language_include GL_ARB_shading_language_packing GL_ARB_spirv_extensions GL_ARB_stencil_texturing GL_ARB_sync GL_ARB_tessellation_shader GL_ARB_texture_barrier G
L_ARB_texture_buffer_object GL_ARB_texture_buffer_object_rgb32 GL_ARB_texture_buffer_range GL_ARB_texture_compression_bptc GL_ARB_texture_compression_rgtc GL_ARB_texture_cube_map_array GL_ARB_texture_filter_anisotropic GL_ARB_texture_float GL_ARB_texture_gather GL_ARB_texture_mirror_clamp_to_edge GL_ARB_texture_multisample GL_ARB_texture_non_power_of_two GL_ARB_texture_query_levels GL_ARB_texture_query_lod GL_ARB_texture_rectangle GL_ARB_texture_rg GL_ARB_texture_rgb10_a2ui GL_ARB_texture_stencil8 GL_ARB_texture_storage GL_ARB_texture_storage_multisample GL_ARB_texture_swizzle GL_ARB_texture_view GL_ARB_timer_query GL_ARB_transform_feedback2 GL_ARB_transform_feedback3 GL_ARB_transform_feedback_instanced GL_ARB_transform_feedback_overflow_query GL_ARB_uniform_buffer_object GL_ARB_vertex_array_bgra GL_ARB_vertex_array_object GL_ARB_vertex_attrib_64bit GL_ARB_vertex_attrib_binding GL_ARB_vertex_buffer_object GL_ARB_vertex_shader GL_ARB_vertex_type_10f_11f_11f_rev GL_ARB_vertex_type_2_10_10_10_rev GL_ARB_viewpor
t_array GL_ATI_blend_equation_separate GL_ATI_texture_float GL_EXT_EGL_image_storage GL_EXT_EGL_sync GL_EXT_abgr GL_EXT_blend_equation_separate GL_EXT_debug_label GL_EXT_demote_to_helper_invocation GL_EXT_depth_bounds_test GL_EXT_draw_buffers2 GL_EXT_draw_instanced GL_EXT_framebuffer_blit GL_EXT_framebuffer_multisample GL_EXT_framebuffer_multisample_blit_scaled GL_EXT_framebuffer_object GL_EXT_framebuffer_sRGB GL_EXT_memory_object GL_EXT_memory_object_fd GL_EXT_packed_depth_stencil GL_EXT_packed_float GL_EXT_pixel_buffer_object GL_EXT_polygon_offset_clamp GL_EXT_provoking_vertex GL_EXT_semaphore GL_EXT_semaphore_fd GL_EXT_shader_framebuffer_fetch GL_EXT_shader_framebuffer_fetch_non_coherent GL_EXT_shader_integer_mix GL_EXT_shader_samples_identical GL_EXT_texture_array GL_EXT_texture_compression_dxt1 GL_EXT_texture_compression_rgtc GL_EXT_texture_compression_s3tc GL_EXT_texture_filter_anisotropic GL_EXT_texture_integer GL_EXT_texture_sRGB GL_EXT_texture_sRGB_R8 GL_EXT_texture_sRGB_decode GL_EXT_texture_shadow
_lod GL_EXT_texture_shared_exponent GL_EXT_texture_snorm GL_EXT_texture_swizzle GL_EXT_timer_query GL_EXT_transform_feedback GL_EXT_vertex_array_bgra GL_EXT_vertex_attrib_64bit GL_IBM_multimode_draw_arrays GL_INTEL_blackhole_render GL_INTEL_conservative_rasterization GL_INTEL_performance_query GL_INTEL_shader_atomic_float_minmax GL_INTEL_shader_integer_functions2 GL_KHR_blend_equation_advanced GL_KHR_blend_equation_advanced_coherent GL_KHR_context_flush_control GL_KHR_debug GL_KHR_no_error GL_KHR_parallel_shader_compile GL_KHR_robust_buffer_access_behavior GL_KHR_robustness GL_KHR_texture_compression_astc_ldr GL_KHR_texture_compression_astc_sliced_3d GL_MESA_framebuffer_flip_y GL_MESA_pack_invert GL_MESA_shader_integer_functions GL_MESA_texture_signed_rgba GL_NV_alpha_to_coverage_dither_control GL_NV_compute_shader_derivatives GL_NV_conditional_render GL_NV_copy_image GL_NV_depth_clamp GL_NV_fragment_shader_interlock GL_NV_packed_depth_stencil GL_NV_texture_barrier GL_OES_EGL_image GL_S3_s3tc
OPENGL LOG: Creating OpenGL 4.6 graphics device ; Context level  <OpenGL 4.5> ; Context handle 635285504
Initialize mono
Mono path[0] = '/Data/Unity/Hub/Editor/2022.3.18f1/Editor/Data/Managed'
Mono path[1] = '/Data/Unity/Hub/Editor/2022.3.18f1/Editor/Data/MonoBleedingEdge/lib/mono/unityjit-linux'
Mono config path = '/Data/Unity/Hub/Editor/2022.3.18f1/Editor/Data/MonoBleedingEdge/etc'
Using monoOptions --debugger-agent=transport=dt_socket,embedding=1,server=y,suspend=n,address=127.0.0.1:56016
Begin MonoManager ReloadAssembly
Registering precompiled unity dll's ...
Register platform support module: /Data/Unity/Hub/Editor/2022.3.18f1/Editor/Data/PlaybackEngines/LinuxStandaloneSupport/UnityEditor.LinuxStandalone.Extensions.dll
Registered in 0,015281 seconds.
- Loaded All Assemblies, in  1,114 seconds
Native extension for LinuxStandalone target not found
Mono: successfully reloaded assembly
- Finished resetting the current domain, in  0,963 seconds
Domain Reload Profiling: 2078ms
	BeginReloadAssembly (239ms)
		ExecutionOrderSort (0ms)
		DisableScriptedObjects (0ms)
		BackupInstance (0ms)
		ReleaseScriptingObjects (0ms)
		CreateAndSetChildDomain (2ms)
	RebuildCommonClasses (137ms)
	RebuildNativeTypeToScriptingClass (27ms)
	initialDomainReloadingComplete (207ms)
	LoadAllAssembliesAndSetupDomain (504ms)
		LoadAssemblies (237ms)
		RebuildTransferFunctionScriptingTraits (0ms)
		AnalyzeDomain (499ms)
			TypeCache.Refresh (495ms)
				TypeCache.ScanAssembly (453ms)
			ScanForSourceGeneratedMonoScriptInfo (1ms)
			ResolveRequiredComponents (2ms)
	FinalizeReload (965ms)
		ReleaseScriptCaches (0ms)
		RebuildScriptCaches (0ms)
		SetupLoadedEditorAssemblies (747ms)
			LogAssemblyErrors (0ms)
			InitializePlatformSupportModulesInManaged (26ms)
			SetLoadedEditorAssemblies (28ms)
			RefreshPlugins (0ms)
			BeforeProcessingInitializeOnLoad (8ms)
			ProcessInitializeOnLoadAttributes (507ms)
			ProcessInitializeOnLoadMethodAttributes (178ms)
			AfterProcessingInitializeOnLoad (0ms)
			EditorAssembliesLoaded (0ms)
		ExecutionOrderSort2 (0ms)
		AwakeInstancesAfterBackupRestoration (0ms)
========================================================================
Worker process is ready to serve import requests
Begin MonoManager ReloadAssembly
- Loaded All Assemblies, in  2,308 seconds
Refreshing native plugins compatible for Editor in 6,92 ms, found 1 plugins.
Native extension for LinuxStandalone target not found
Package Manager log level set to [2]
[Package Manager] Server::EnsureServerProcessIsRunning -- launch failed, reason: Unity was launched with the -noUpm command-line argument
[Package Manager] UpmClient::Send -- Unable to send message (not connected to UPM process).
[Package Manager] Cannot connect to Unity Package Manager local server
Mono: successfully reloaded assembly
- Finished resetting the current domain, in  2,412 seconds
Domain Reload Profiling: 4717ms
	BeginReloadAssembly (456ms)
		ExecutionOrderSort (0ms)
		DisableScriptedObjects (24ms)
		BackupInstance (0ms)
		ReleaseScriptingObjects (0ms)
		CreateAndSetChildDomain (76ms)
	RebuildCommonClasses (145ms)
	RebuildNativeTypeToScriptingClass (37ms)
	initialDomainReloadingComplete (170ms)
	LoadAllAssembliesAndSetupDomain (1495ms)
		LoadAssemblies (1030ms)
		RebuildTransferFunctionScriptingTraits (0ms)
		AnalyzeDomain (691ms)
			TypeCache.Refresh (587ms)
				TypeCache.ScanAssembly (535ms)
			ScanForSourceGeneratedMonoScriptInfo (84ms)
			ResolveRequiredComponents (18ms)
	FinalizeReload (2413ms)
		ReleaseScriptCaches (0ms)
		RebuildScriptCaches (0ms)
		SetupLoadedEditorAssemblies (1723ms)
			LogAssemblyErrors (0ms)
			InitializePlatformSupportModulesInManaged (24ms)
			SetLoadedEditorAssemblies (15ms)
			RefreshPlugins (0ms)
			BeforeProcessingInitializeOnLoad (235ms)
			ProcessInitializeOnLoadAttributes (1276ms)
			ProcessInitializeOnLoadMethodAttributes (161ms)
			AfterProcessingInitializeOnLoad (12ms)
			EditorAssembliesLoaded (1ms)
		ExecutionOrderSort2 (0ms)
		AwakeInstancesAfterBackupRestoration (18ms)
Launched and connected shader compiler UnityShaderCompiler after 0.04 seconds
Refreshing native plugins compatible for Editor in 8,53 ms, found 1 plugins.
Preloading 0 native plugins for Editor in 0,00 ms.
Unloading 4029 Unused Serialized files (Serialized files now loaded: 0)
Unloading 70 unused Assets / (172,6 KB). Loaded Objects now: 4484.
Memory consumption went from 140,5 MB to 140,3 MB.
Total: 16,238462 ms (FindLiveObjects: 0,741185 ms CreateObjectMapping: 0,638410 ms MarkObjects: 13,462605 ms  DeleteObjects: 1,391297 ms)

AssetImportParameters requested are different than current active one (requested -> active):
  custom:container-demuxer-ogg: 62fdf1f143b41e24485cea50d1cbac27 -> 
  custom:video-decoder-ogg-theora: a1e56fd34408186e4bbccfd4996cb3dc -> 
  custom:CustomObjectIndexerAttribute: efbeaf2078ee4010e9a0b7bd6667f9dd -> 
  custom:container-demuxer-webm: 4f35f7cbe854078d1ac9338744f61a02 -> 
  custom:container-muxer-webm: aa71ff27fc2769a1b78a27578f13a17b -> 
  custom:video-decoder-webm-vp8: 9c59270c3fd7afecdb556c50c9e8de78 -> 
  custom:SearchIndexIgnoredProperties: e643bd26f0fe6173181afceb89e7c659 -> 
  custom:AudioImporter_EditorPlatform: 2f0ff77a95e0ac474e3e8eeba4e2f7cb -> 
  custom:video-encoder-webm-vp8: eb34c28f22e8b96e1ab97ce403110664 -> 
  custom:audio-decoder-ogg-vorbis: bf7c407c2cedff20999df2af8eb42d56 -> 
  custom:audio-encoder-webm-vorbis: bf7c407c2cedff20999df2af8eb42d56 -> 
========================================================================
Received Import Request.
  Time since last request: 702,761227 seconds.
  path: Assets/Game_Scripts/CardClass.cs
  artifactKey: Guid(46b07e34a5e83cc7cb3c76be3569f17c) Importer(815301076,1909f56bfc062723c751e8b465ee728b)
Start importing Assets/Game_Scripts/CardClass.cs using Guid(46b07e34a5e83cc7cb3c76be3569f17c) Importer(815301076,1909f56bfc062723c751e8b465ee728b)  -> (artifact id: '4325764e922530407231d38f6d29c4d2') in 0,007586 seconds
Number of updated asset objects reloaded before import = 0
Number of asset objects unloaded after import = 0
========================================================================
Received Prepare
Begin MonoManager ReloadAssembly
- Loaded All Assemblies, in  0,932 seconds
Refreshing native plugins compatible for Editor in 4,74 ms, found 1 plugins.
Native extension for LinuxStandalone target not found
[Package Manager] Server::EnsureServerProcessIsRunning -- launch failed, reason: Unity was launched with the -noUpm command-line argument
[Package Manager] UpmClient::Send -- Unable to send message (not connected to UPM process).
[Package Manager] Cannot connect to Unity Package Manager local server
Mono: successfully reloaded assembly
- Finished resetting the current domain, in  2,450 seconds
Domain Reload Profiling: 3381ms
	BeginReloadAssembly (315ms)
		ExecutionOrderSort (0ms)
		DisableScriptedObjects (31ms)
		BackupInstance (0ms)
		ReleaseScriptingObjects (0ms)
		CreateAndSetChildDomain (82ms)
	RebuildCommonClasses (78ms)
	RebuildNativeTypeToScriptingClass (18ms)
	initialDomainReloadingComplete (61ms)
	LoadAllAssembliesAndSetupDomain (459ms)
		LoadAssemblies (546ms)
		RebuildTransferFunctionScriptingTraits (0ms)
		AnalyzeDomain (58ms)
			TypeCache.Refresh (20ms)
				TypeCache.ScanAssembly (0ms)
			ScanForSourceGeneratedMonoScriptInfo (26ms)
			ResolveRequiredComponents (10ms)
	FinalizeReload (2451ms)
		ReleaseScriptCaches (0ms)
		RebuildScriptCaches (0ms)
		SetupLoadedEditorAssemblies (1149ms)
			LogAssemblyErrors (0ms)
			InitializePlatformSupportModulesInManaged (18ms)
			SetLoadedEditorAssemblies (11ms)
			RefreshPlugins (0ms)
			BeforeProcessingInitializeOnLoad (158ms)
			ProcessInitializeOnLoadAttributes (851ms)
			ProcessInitializeOnLoadMethodAttributes (103ms)
			AfterProcessingInitializeOnLoad (7ms)
			EditorAssembliesLoaded (1ms)
		ExecutionOrderSort2 (0ms)
		AwakeInstancesAfterBackupRestoration (28ms)
Refreshing native plugins compatible for Editor in 6,52 ms, found 1 plugins.
Preloading 0 native plugins for Editor in 0,00 ms.
Unloading 4023 Unused Serialized files (Serialized files now loaded: 0)
Unloading 42 unused Assets / (154,2 KB). Loaded Objects now: 4489.
Memory consumption went from 140,9 MB to 140,7 MB.
Total: 7,926441 ms (FindLiveObjects: 0,575916 ms CreateObjectMapping: 0,269231 ms MarkObjects: 6,724098 ms  DeleteObjects: 0,353159 ms)

Prepare: number of updated asset objects reloaded= 0
AssetImportParameters requested are different than current active one (requested -> active):
  custom:container-demuxer-ogg: 62fdf1f143b41e24485cea50d1cbac27 -> 
  custom:video-decoder-ogg-theora: a1e56fd34408186e4bbccfd4996cb3dc -> 
  custom:CustomObjectIndexerAttribute: efbeaf2078ee4010e9a0b7bd6667f9dd -> 
  custom:container-demuxer-webm: 4f35f7cbe854078d1ac9338744f61a02 -> 
  custom:container-muxer-webm: aa71ff27fc2769a1b78a27578f13a17b -> 
  custom:video-decoder-webm-vp8: 9c59270c3fd7afecdb556c50c9e8de78 -> 
  custom:SearchIndexIgnoredProperties: e643bd26f0fe6173181afceb89e7c659 -> 
  custom:AudioImporter_EditorPlatform: 2f0ff77a95e0ac474e3e8eeba4e2f7cb -> 
  custom:video-encoder-webm-vp8: eb34c28f22e8b96e1ab97ce403110664 -> 
  custom:audio-decoder-ogg-vorbis: bf7c407c2cedff20999df2af8eb42d56 -> 
  custom:audio-encoder-webm-vorbis: bf7c407c2cedff20999df2af8eb42d56 -> 
========================================================================
Received Import Request.
  Time since last request: 479,090068 seconds.
  path: Assets/Game_Scripts/CardClass.cs
  artifactKey: Guid(46b07e34a5e83cc7cb3c76be3569f17c) Importer(815301076,1909f56bfc062723c751e8b465ee728b)
Start importing Assets/Game_Scripts/CardClass.cs using Guid(46b07e34a5e83cc7cb3c76be3569f17c) Importer(815301076,1909f56bfc062723c751e8b465ee728b)  -> (artifact id: 'd479c791b86da56df172deb69e0ffa63') in 0,003896 seconds
Number of updated asset objects reloaded before import = 0
Number of asset objects unloaded after import = 0
========================================================================
Received Import Request.
  Time since last request: 74,606122 seconds.
  path: Assets/Prefabs/Crows 00.prefab
  artifactKey: Guid(d7441111dfd676f6fa18e3e9fe67d637) Importer(815301076,1909f56bfc062723c751e8b465ee728b)
Start importing Assets/Prefabs/Crows 00.prefab using Guid(d7441111dfd676f6fa18e3e9fe67d637) Importer(815301076,1909f56bfc062723c751e8b465ee728b)  -> (artifact id: '3184e454a9a3efe365cb4e9784cd9201') in 0,264869 seconds
Number of updated asset objects reloaded before import = 0
Number of asset objects unloaded after import = 8
========================================================================
Received Import Request.
  Time since last request: 0,000048 seconds.
  path: Assets/Prefabs/Crows 03.prefab
  artifactKey: Guid(ac02c1c9ce7c3672cbd409e319657ce6) Importer(815301076,1909f56bfc062723c751e8b465ee728b)
Start importing Assets/Prefabs/Crows 03.prefab using Guid(ac02c1c9ce7c3672cbd409e319657ce6) Importer(815301076,1909f56bfc062723c751e8b465ee728b)  -> (artifact id: '9191cc9d9d2a561f892674a2619a3ff1') in 0,018376 seconds
Number of updated asset objects reloaded before import = 0
Number of asset objects unloaded after import = 8
========================================================================
Received Import Request.
  Time since last request: 0,000467 seconds.
  path: Assets/Prefabs/Crows 08.prefab
  artifactKey: Guid(fc30240437003a6f8ab7a237e65d876d) Importer(815301076,1909f56bfc062723c751e8b465ee728b)
Start importing Assets/Prefabs/Crows 08.prefab using Guid(fc30240437003a6f8ab7a237e65d876d) Importer(815301076,1909f56bfc062723c751e8b465ee728b)  -> (artifact id: 'd4de5ce01e2af9654caa75a6107a6203') in 0,017729 seconds
Number of updated asset objects reloaded before import = 0
Number of asset objects unloaded after import = 8
========================================================================
Received Import Request.
  Time since last request: 0,000350 seconds.
  path: Assets/Prefabs/Crows 13.prefab
  artifactKey: Guid(dd5c50db435b9119893381d119fbbf15) Importer(815301076,1909f56bfc062723c751e8b465ee728b)
Start importing Assets/Prefabs/Crows 13.prefab using Guid(dd5c50db435b9119893381d119fbbf15) Importer(815301076,1909f56bfc062723c751e8b465ee728b)  -> (artifact id: 'ac15d915d2be78364976a86be4dfa529') in 0,017939 seconds
Number of updated asset objects reloaded before import = 0
Number of asset objects unloaded after import = 8
========================================================================
Received Import Request.
  Time since last request: 0,000294 seconds.
  path: Assets/Prefabs/Crows 12.prefab
  artifactKey: Guid(2e6be434400c819fd8083b8014a881c1) Importer(815301076,1909f56bfc062723c751e8b465ee728b)
Start importing Assets/Prefabs/Crows 12.prefab using Guid(2e6be434400c819fd8083b8014a881c1) Importer(815301076,1909f56bfc062723c751e8b465ee728b)  -> (artifact id: '93f79c20987fc52680eb850ca75f2541') in 0,018937 seconds
Number of updated asset objects reloaded before import = 0
Number of asset objects unloaded after import = 8
========================================================================
Received Import Request.
  Time since last request: 0,000426 seconds.
  path: Assets/Prefabs/Crows 18.prefab
  artifactKey: Guid(d938d677f3b2a04b38691d387192a6fd) Importer(815301076,1909f56bfc062723c751e8b465ee728b)
Start importing Assets/Prefabs/Crows 18.prefab using Guid(d938d677f3b2a04b38691d387192a6fd) Importer(815301076,1909f56bfc062723c751e8b465ee728b)  -> (artifact id: '7752c248591692bd48ecdf007cb56a5d') in 0,015026 seconds
Number of updated asset objects reloaded before import = 0
Number of asset objects unloaded after import = 8
========================================================================
Received Import Request.
  Time since last request: 0,000041 seconds.
  path: Assets/Prefabs/Crows 04.prefab
  artifactKey: Guid(4e80a94426e36ddfc8fdfbad815a16c8) Importer(815301076,1909f56bfc062723c751e8b465ee728b)
Start importing Assets/Prefabs/Crows 04.prefab using Guid(4e80a94426e36ddfc8fdfbad815a16c8) Importer(815301076,1909f56bfc062723c751e8b465ee728b)  -> (artifact id: 'c35370bc468b6ac3ee7ba885815151c3') in 0,018092 seconds
Number of updated asset objects reloaded before import = 0
Number of asset objects unloaded after import = 8
========================================================================
Received Import Request.
  Time since last request: 0,000517 seconds.
  path: Assets/Prefabs/Crows 11.prefab
  artifactKey: Guid(7b4229ba519f5c5fca7fb509534ced53) Importer(815301076,1909f56bfc062723c751e8b465ee728b)
Start importing Assets/Prefabs/Crows 11.prefab using Guid(7b4229ba519f5c5fca7fb509534ced53) Importer(815301076,1909f56bfc062723c751e8b465ee728b)  -> (artifact id: 'aa0dc8a8372b0b1941b43639ed8f3e6d') in 0,016437 seconds
Number of updated asset objects reloaded before import = 0
Number of asset objects unloaded after import = 8
========================================================================
Received Import Request.
  Time since last request: 0,000043 seconds.
  path: Assets/Prefabs/Crows 01.prefab
  artifactKey: Guid(bcbaf44ad05bca50681ae84c17675947) Importer(815301076,1909f56bfc062723c751e8b465ee728b)
Start importing Assets/Prefabs/Crows 01.prefab using Guid(bcbaf44ad05bca50681ae84c17675947) Importer(815301076,1909f56bfc062723c751e8b465ee728b)  -> (artifact id: '45f236ae08fdca77b2f422e57a7061bd') in 0,014301 seconds
Number of updated asset objects reloaded before import = 0
Number of asset objects unloaded after import = 8
========================================================================
Received Import Request.
  Time since last request: 0,000320 seconds.
  path: Assets/Prefabs/Crows 10.prefab
  artifactKey: Guid(2388d72302936865393105937055a7f8) Importer(815301076,1909f56bfc062723c751e8b465ee728b)
Start importing Assets/Prefabs/Crows 10.prefab using Guid(2388d72302936865393105937055a7f8) Importer(815301076,1909f56bfc062723c751e8b465ee728b)  -> (artifact id: '267de05670f788feef0e1e286ce36f8a') in 0,020362 seconds
Number of updated asset objects reloaded before import = 0
Number of asset objects unloaded after import = 8
========================================================================
Received Import Request.
  Time since last request: 0,000412 seconds.
  path: Assets/Prefabs/Crows 15.prefab
  artifactKey: Guid(4dab890d3ab8f14d69a75c650270dadb) Importer(815301076,1909f56bfc062723c751e8b465ee728b)
Start importing Assets/Prefabs/Crows 15.prefab using Guid(4dab890d3ab8f14d69a75c650270dadb) Importer(815301076,1909f56bfc062723c751e8b465ee728b)  -> (artifact id: '91460e5c2368e19f48d8a4f2cf785ca5') in 0,014491 seconds
Number of updated asset objects reloaded before import = 0
Number of asset objects unloaded after import = 8
========================================================================
Received Import Request.
  Time since last request: 0,000075 seconds.
  path: Assets/Prefabs/Crows 05.prefab
  artifactKey: Guid(25026bdc73b7b895b8a75f3419d30971) Importer(815301076,1909f56bfc062723c751e8b465ee728b)
Start importing Assets/Prefabs/Crows 05.prefab using Guid(25026bdc73b7b895b8a75f3419d30971) Importer(815301076,1909f56bfc062723c751e8b465ee728b)  -> (artifact id: '1c7b0fcb90eb016e7b849659d0ddc103') in 0,015820 seconds
Number of updated asset objects reloaded before import = 0
Number of asset objects unloaded after import = 8
========================================================================
Received Import Request.
  Time since last request: 0,000264 seconds.
  path: Assets/Prefabs/Crows 17.prefab
  artifactKey: Guid(c45f5f5622c7451f493cebd3cb521aa1) Importer(815301076,1909f56bfc062723c751e8b465ee728b)
Start importing Assets/Prefabs/Crows 17.prefab using Guid(c45f5f5622c7451f493cebd3cb521aa1) Importer(815301076,1909f56bfc062723c751e8b465ee728b)  -> (artifact id: '484410e1ef8379905912f6c07b5073a9') in 0,020240 seconds
Number of updated asset objects reloaded before import = 0
Number of asset objects unloaded after import = 8
========================================================================
Received Import Request.
  Time since last request: 0,000166 seconds.
  path: Assets/Prefabs/Crows 06.prefab
  artifactKey: Guid(73f2f852e0abbae1582dfd55f20e9bff) Importer(815301076,1909f56bfc062723c751e8b465ee728b)
Start importing Assets/Prefabs/Crows 06.prefab using Guid(73f2f852e0abbae1582dfd55f20e9bff) Importer(815301076,1909f56bfc062723c751e8b465ee728b)  -> (artifact id: 'e9dc64e7ba9f33ad7331c84ce7a6a266') in 0,017969 seconds
Number of updated asset objects reloaded before import = 0
Number of asset objects unloaded after import = 8
========================================================================
Received Import Request.
  Time since last request: 0,000485 seconds.
  path: Assets/Prefabs/Crows 20.prefab
  artifactKey: Guid(6e7a316350e25ba74b008555685eb07c) Importer(815301076,1909f56bfc062723c751e8b465ee728b)
Start importing Assets/Prefabs/Crows 20.prefab using Guid(6e7a316350e25ba74b008555685eb07c) Importer(815301076,1909f56bfc062723c751e8b465ee728b)  -> (artifact id: '6ba87d3fa02283414eed4515ff923c7c') in 0,017725 seconds
Number of updated asset objects reloaded before import = 0
Number of asset objects unloaded after import = 8
========================================================================
Received Import Request.
  Time since last request: 0,000513 seconds.
  path: Assets/Prefabs/Crows 07.prefab
  artifactKey: Guid(8fdd3aaf920299c70910f3d37330a671) Importer(815301076,1909f56bfc062723c751e8b465ee728b)
Start importing Assets/Prefabs/Crows 07.prefab using Guid(8fdd3aaf920299c70910f3d37330a671) Importer(815301076,1909f56bfc062723c751e8b465ee728b)  -> (artifact id: 'c47fdd7e7362bb100c5bc72c66831207') in 0,019776 seconds
Number of updated asset objects reloaded before import = 0
Number of asset objects unloaded after import = 8
========================================================================
Received Import Request.
  Time since last request: 0,000038 seconds.
  path: Assets/Prefabs/Crows 16.prefab
  artifactKey: Guid(b4d51ce883bf5321392e72ae30f647be) Importer(815301076,1909f56bfc062723c751e8b465ee728b)
Start importing Assets/Prefabs/Crows 16.prefab using Guid(b4d51ce883bf5321392e72ae30f647be) Importer(815301076,1909f56bfc062723c751e8b465ee728b)  -> (artifact id: 'b2bfbaf570dc0e447f121805cc26ad99') in 0,022730 seconds
Number of updated asset objects reloaded before import = 0
Number of asset objects unloaded after import = 8
========================================================================
Received Import Request.
  Time since last request: 0,000765 seconds.
  path: Assets/Prefabs/Crows 19.prefab
  artifactKey: Guid(74dcb5cb0ecaee7d089a61e49f78e80b) Importer(815301076,1909f56bfc062723c751e8b465ee728b)
Start importing Assets/Prefabs/Crows 19.prefab using Guid(74dcb5cb0ecaee7d089a61e49f78e80b) Importer(815301076,1909f56bfc062723c751e8b465ee728b)  -> (artifact id: 'fd43738a1a417debae212bd881f2e86f') in 0,017022 seconds
Number of updated asset objects reloaded before import = 0
Number of asset objects unloaded after import = 8
========================================================================
Received Import Request.
  Time since last request: 0,000043 seconds.
  path: Assets/Prefabs/Crows 21.prefab
  artifactKey: Guid(af91c1fecc7809aee96f93857a71cdf2) Importer(815301076,1909f56bfc062723c751e8b465ee728b)
Start importing Assets/Prefabs/Crows 21.prefab using Guid(af91c1fecc7809aee96f93857a71cdf2) Importer(815301076,1909f56bfc062723c751e8b465ee728b)  -> (artifact id: '4e52a8b1beb5b3776e955f027a35ce15') in 0,022423 seconds
Number of updated asset objects reloaded before import = 0
Number of asset objects unloaded after import = 8
========================================================================
Received Import Request.
  Time since last request: 0,000329 seconds.
  path: Assets/Prefabs/Crows 14.prefab
  artifactKey: Guid(2e70d3975b378b7c18c9877d4b38e8cc) Importer(815301076,1909f56bfc062723c751e8b465ee728b)
Start importing Assets/Prefabs/Crows 14.prefab using Guid(2e70d3975b378b7c18c9877d4b38e8cc) Importer(815301076,1909f56bfc062723c751e8b465ee728b)  -> (artifact id: '9aea4c6326b8371a683660d7faecf0cd') in 0,018657 seconds
Number of updated asset objects reloaded before import = 0
Number of asset objects unloaded after import = 8
========================================================================
Received Import Request.
  Time since last request: 0,001245 seconds.
  path: Assets/Prefabs/Crows 02.prefab
  artifactKey: Guid(d9eafcebc88e3aedd9d3668d6dc70fbc) Importer(815301076,1909f56bfc062723c751e8b465ee728b)
Start importing Assets/Prefabs/Crows 02.prefab using Guid(d9eafcebc88e3aedd9d3668d6dc70fbc) Importer(815301076,1909f56bfc062723c751e8b465ee728b)  -> (artifact id: '91962f62ce942950336950928c722a03') in 0,046397 seconds
Number of updated asset objects reloaded before import = 0
Number of asset objects unloaded after import = 8
========================================================================
Received Import Request.
  Time since last request: 0,000164 seconds.
  path: Assets/Prefabs/Crows 09.prefab
  artifactKey: Guid(3a1da711d0bb247fe84281e06201bd22) Importer(815301076,1909f56bfc062723c751e8b465ee728b)
Start importing Assets/Prefabs/Crows 09.prefab using Guid(3a1da711d0bb247fe84281e06201bd22) Importer(815301076,1909f56bfc062723c751e8b465ee728b)  -> (artifact id: '0ad54a8f8bda8947291231325cd345c3') in 0,015545 seconds
Number of updated asset objects reloaded before import = 0
Number of asset objects unloaded after import = 8
========================================================================
Received Import Request.
  Time since last request: 47,689773 seconds.
  path: Assets/Prefabs/Crows 01.prefab
  artifactKey: Guid(bcbaf44ad05bca50681ae84c17675947) Importer(815301076,1909f56bfc062723c751e8b465ee728b)
Start importing Assets/Prefabs/Crows 01.prefab using Guid(bcbaf44ad05bca50681ae84c17675947) Importer(815301076,1909f56bfc062723c751e8b465ee728b)  -> (artifact id: 'a3e52263c815b07edf338f330f9fe635') in 0,013296 seconds
Number of updated asset objects reloaded before import = 0
Number of asset objects unloaded after import = 8
========================================================================
Received Import Request.
  Time since last request: 6,381960 seconds.
  path: Assets/Prefabs/Crows 04.prefab
  artifactKey: Guid(4e80a94426e36ddfc8fdfbad815a16c8) Importer(815301076,1909f56bfc062723c751e8b465ee728b)
Start importing Assets/Prefabs/Crows 04.prefab using Guid(4e80a94426e36ddfc8fdfbad815a16c8) Importer(815301076,1909f56bfc062723c751e8b465ee728b)  -> (artifact id: '765c42bf3a884706d19f6c2bd89612c1') in 0,018445 seconds
Number of updated asset objects reloaded before import = 0
Number of asset objects unloaded after import = 8
========================================================================
Received Import Request.
  Time since last request: 2,751997 seconds.
  path: Assets/Prefabs/Crows 05.prefab
  artifactKey: Guid(25026bdc73b7b895b8a75f3419d30971) Importer(815301076,1909f56bfc062723c751e8b465ee728b)
Start importing Assets/Prefabs/Crows 05.prefab using Guid(25026bdc73b7b895b8a75f3419d30971) Importer(815301076,1909f56bfc062723c751e8b465ee728b)  -> (artifact id: 'b2786c60c73b05429d36842ab267401d') in 0,011610 seconds
Number of updated asset objects reloaded before import = 0
Number of asset objects unloaded after import = 8
========================================================================
Received Prepare
Begin MonoManager ReloadAssembly
- Loaded All Assemblies, in  0,859 seconds
Refreshing native plugins compatible for Editor in 3,77 ms, found 1 plugins.
Native extension for LinuxStandalone target not found
[Package Manager] Server::EnsureServerProcessIsRunning -- launch failed, reason: Unity was launched with the -noUpm command-line argument
[Package Manager] UpmClient::Send -- Unable to send message (not connected to UPM process).
[Package Manager] Cannot connect to Unity Package Manager local server
Mono: successfully reloaded assembly
- Finished resetting the current domain, in  1,845 seconds
Domain Reload Profiling: 2703ms
	BeginReloadAssembly (311ms)
		ExecutionOrderSort (0ms)
		DisableScriptedObjects (36ms)
		BackupInstance (0ms)
		ReleaseScriptingObjects (0ms)
		CreateAndSetChildDomain (75ms)
	RebuildCommonClasses (80ms)
	RebuildNativeTypeToScriptingClass (20ms)
	initialDomainReloadingComplete (60ms)
	LoadAllAssembliesAndSetupDomain (385ms)
		LoadAssemblies (486ms)
		RebuildTransferFunctionScriptingTraits (0ms)
		AnalyzeDomain (27ms)
			TypeCache.Refresh (14ms)
				TypeCache.ScanAssembly (0ms)
			ScanForSourceGeneratedMonoScriptInfo (0ms)
			ResolveRequiredComponents (11ms)
	FinalizeReload (1847ms)
		ReleaseScriptCaches (0ms)
		RebuildScriptCaches (0ms)
		SetupLoadedEditorAssemblies (1002ms)
			LogAssemblyErrors (0ms)
			InitializePlatformSupportModulesInManaged (13ms)
			SetLoadedEditorAssemblies (9ms)
			RefreshPlugins (0ms)
			BeforeProcessingInitializeOnLoad (149ms)
			ProcessInitializeOnLoadAttributes (731ms)
			ProcessInitializeOnLoadMethodAttributes (92ms)
			AfterProcessingInitializeOnLoad (8ms)
			EditorAssembliesLoaded (1ms)
		ExecutionOrderSort2 (0ms)
		AwakeInstancesAfterBackupRestoration (29ms)
Refreshing native plugins compatible for Editor in 4,90 ms, found 1 plugins.
Preloading 0 native plugins for Editor in 0,00 ms.
Unloading 4023 Unused Serialized files (Serialized files now loaded: 0)
Unloading 42 unused Assets / (154,1 KB). Loaded Objects now: 4501.
Memory consumption went from 144,9 MB to 144,8 MB.
Total: 8,577490 ms (FindLiveObjects: 0,643699 ms CreateObjectMapping: 0,300548 ms MarkObjects: 7,209902 ms  DeleteObjects: 0,418574 ms)

Prepare: number of updated asset objects reloaded= 0
AssetImportParameters requested are different than current active one (requested -> active):
  custom:container-demuxer-ogg: 62fdf1f143b41e24485cea50d1cbac27 -> 
  custom:video-decoder-ogg-theora: a1e56fd34408186e4bbccfd4996cb3dc -> 
  custom:CustomObjectIndexerAttribute: efbeaf2078ee4010e9a0b7bd6667f9dd -> 
  custom:container-demuxer-webm: 4f35f7cbe854078d1ac9338744f61a02 -> 
  custom:container-muxer-webm: aa71ff27fc2769a1b78a27578f13a17b -> 
  custom:video-decoder-webm-vp8: 9c59270c3fd7afecdb556c50c9e8de78 -> 
  custom:SearchIndexIgnoredProperties: e643bd26f0fe6173181afceb89e7c659 -> 
  custom:AudioImporter_EditorPlatform: 2f0ff77a95e0ac474e3e8eeba4e2f7cb -> 
  custom:video-encoder-webm-vp8: eb34c28f22e8b96e1ab97ce403110664 -> 
  custom:audio-decoder-ogg-vorbis: bf7c407c2cedff20999df2af8eb42d56 -> 
  custom:audio-encoder-webm-vorbis: bf7c407c2cedff20999df2af8eb42d56 -> 
========================================================================
Received Import Request.
  Time since last request: 74,593310 seconds.
  path: Assets/Prefabs/Crows 01.prefab
  artifactKey: Guid(bcbaf44ad05bca50681ae84c17675947) Importer(815301076,1909f56bfc062723c751e8b465ee728b)
Start importing Assets/Prefabs/Crows 01.prefab using Guid(bcbaf44ad05bca50681ae84c17675947) Importer(815301076,1909f56bfc062723c751e8b465ee728b)  -> (artifact id: '2732772a6c67c582ee0d2060447f9908') in 0,190155 seconds
Number of updated asset objects reloaded before import = 0
Number of asset objects unloaded after import = 8
========================================================================
Received Prepare
Begin MonoManager ReloadAssembly
- Loaded All Assemblies, in  0,909 seconds
Refreshing native plugins compatible for Editor in 6,13 ms, found 1 plugins.
Native extension for LinuxStandalone target not found
[Package Manager] Server::EnsureServerProcessIsRunning -- launch failed, reason: Unity was launched with the -noUpm command-line argument
[Package Manager] UpmClient::Send -- Unable to send message (not connected to UPM process).
[Package Manager] Cannot connect to Unity Package Manager local server
Mono: successfully reloaded assembly
- Finished resetting the current domain, in  2,015 seconds
Domain Reload Profiling: 2922ms
	BeginReloadAssembly (263ms)
		ExecutionOrderSort (0ms)
		DisableScriptedObjects (25ms)
		BackupInstance (0ms)
		ReleaseScriptingObjects (0ms)
		CreateAndSetChildDomain (77ms)
	RebuildCommonClasses (88ms)
	RebuildNativeTypeToScriptingClass (20ms)
	initialDomainReloadingComplete (62ms)
	LoadAllAssembliesAndSetupDomain (473ms)
		LoadAssemblies (512ms)
		RebuildTransferFunctionScriptingTraits (0ms)
		AnalyzeDomain (69ms)
			TypeCache.Refresh (20ms)
				TypeCache.ScanAssembly (0ms)
			ScanForSourceGeneratedMonoScriptInfo (30ms)
			ResolveRequiredComponents (17ms)
	FinalizeReload (2017ms)
		ReleaseScriptCaches (0ms)
		RebuildScriptCaches (0ms)
		SetupLoadedEditorAssemblies (1040ms)
			LogAssemblyErrors (0ms)
			InitializePlatformSupportModulesInManaged (14ms)
			SetLoadedEditorAssemblies (10ms)
			RefreshPlugins (0ms)
			BeforeProcessingInitializeOnLoad (164ms)
			ProcessInitializeOnLoadAttributes (752ms)
			ProcessInitializeOnLoadMethodAttributes (90ms)
			AfterProcessingInitializeOnLoad (9ms)
			EditorAssembliesLoaded (1ms)
		ExecutionOrderSort2 (0ms)
		AwakeInstancesAfterBackupRestoration (30ms)
Refreshing native plugins compatible for Editor in 6,51 ms, found 1 plugins.
Preloading 0 native plugins for Editor in 0,00 ms.
Unloading 4023 Unused Serialized files (Serialized files now loaded: 0)
Unloading 42 unused Assets / (154,1 KB). Loaded Objects now: 4505.
Memory consumption went from 146,8 MB to 146,7 MB.
Total: 12,747727 ms (FindLiveObjects: 0,534141 ms CreateObjectMapping: 0,277601 ms MarkObjects: 11,287999 ms  DeleteObjects: 0,644139 ms)

Prepare: number of updated asset objects reloaded= 0
AssetImportParameters requested are different than current active one (requested -> active):
  custom:container-demuxer-ogg: 62fdf1f143b41e24485cea50d1cbac27 -> 
  custom:video-decoder-ogg-theora: a1e56fd34408186e4bbccfd4996cb3dc -> 
  custom:CustomObjectIndexerAttribute: efbeaf2078ee4010e9a0b7bd6667f9dd -> 
  custom:container-demuxer-webm: 4f35f7cbe854078d1ac9338744f61a02 -> 
  custom:container-muxer-webm: aa71ff27fc2769a1b78a27578f13a17b -> 
  custom:video-decoder-webm-vp8: 9c59270c3fd7afecdb556c50c9e8de78 -> 
  custom:SearchIndexIgnoredProperties: e643bd26f0fe6173181afceb89e7c659 -> 
  custom:AudioImporter_EditorPlatform: 2f0ff77a95e0ac474e3e8eeba4e2f7cb -> 
  custom:video-encoder-webm-vp8: eb34c28f22e8b96e1ab97ce403110664 -> 
  custom:audio-decoder-ogg-vorbis: bf7c407c2cedff20999df2af8eb42d56 -> 
  custom:audio-encoder-webm-vorbis: bf7c407c2cedff20999df2af8eb42d56 -> 
========================================================================
Received Import Request.
  Time since last request: 11,125161 seconds.
  path: Assets/Prefabs/Crows 01.prefab
  artifactKey: Guid(bcbaf44ad05bca50681ae84c17675947) Importer(815301076,1909f56bfc062723c751e8b465ee728b)
Start importing Assets/Prefabs/Crows 01.prefab using Guid(bcbaf44ad05bca50681ae84c17675947) Importer(815301076,1909f56bfc062723c751e8b465ee728b)  -> (artifact id: 'c29eb0eee98d80a64716a13f130a80f9') in 0,143713 seconds
Number of updated asset objects reloaded before import = 0
Number of asset objects unloaded after import = 8
========================================================================
Received Import Request.
  Time since last request: 31,259109 seconds.
  path: Assets/Prefabs/Crows 01.prefab
  artifactKey: Guid(bcbaf44ad05bca50681ae84c17675947) Importer(815301076,1909f56bfc062723c751e8b465ee728b)
Start importing Assets/Prefabs/Crows 01.prefab using Guid(bcbaf44ad05bca50681ae84c17675947) Importer(815301076,1909f56bfc062723c751e8b465ee728b)  -> (artifact id: '96c37253b5cc49b9fd30907d40842b44') in 0,013363 seconds
Number of updated asset objects reloaded before import = 0
Number of asset objects unloaded after import = 8
========================================================================
Received Import Request.
  Time since last request: 0,046227 seconds.
  path: Assets/Prefabs/Crows 00.prefab
  artifactKey: Guid(d7441111dfd676f6fa18e3e9fe67d637) Importer(815301076,1909f56bfc062723c751e8b465ee728b)
Start importing Assets/Prefabs/Crows 00.prefab using Guid(d7441111dfd676f6fa18e3e9fe67d637) Importer(815301076,1909f56bfc062723c751e8b465ee728b)  -> (artifact id: 'f4cd03d7cfb01ca878a1938acb2342d4') in 0,014287 seconds
Number of updated asset objects reloaded before import = 0
Number of asset objects unloaded after import = 8
========================================================================
Received Import Request.
  Time since last request: 0,000042 seconds.
  path: Assets/Prefabs/Crows 03.prefab
  artifactKey: Guid(ac02c1c9ce7c3672cbd409e319657ce6) Importer(815301076,1909f56bfc062723c751e8b465ee728b)
Start importing Assets/Prefabs/Crows 03.prefab using Guid(ac02c1c9ce7c3672cbd409e319657ce6) Importer(815301076,1909f56bfc062723c751e8b465ee728b)  -> (artifact id: 'a9db1c29933041e97d7ee7c4e3fc8336') in 0,016595 seconds
Number of updated asset objects reloaded before import = 0
Number of asset objects unloaded after import = 8
========================================================================
Received Import Request.
  Time since last request: 0,004147 seconds.
  path: Assets/Prefabs/Crows 08.prefab
  artifactKey: Guid(fc30240437003a6f8ab7a237e65d876d) Importer(815301076,1909f56bfc062723c751e8b465ee728b)
Start importing Assets/Prefabs/Crows 08.prefab using Guid(fc30240437003a6f8ab7a237e65d876d) Importer(815301076,1909f56bfc062723c751e8b465ee728b)  -> (artifact id: '44db543e633a128b44a9ccd18064e1c0') in 0,013503 seconds
Number of updated asset objects reloaded before import = 0
Number of asset objects unloaded after import = 8
========================================================================
Received Import Request.
  Time since last request: 0,000579 seconds.
  path: Assets/Prefabs/Crows 13.prefab
  artifactKey: Guid(dd5c50db435b9119893381d119fbbf15) Importer(815301076,1909f56bfc062723c751e8b465ee728b)
Start importing Assets/Prefabs/Crows 13.prefab using Guid(dd5c50db435b9119893381d119fbbf15) Importer(815301076,1909f56bfc062723c751e8b465ee728b)  -> (artifact id: 'eeed24c1818d99e27ee7bfd3c884f1a1') in 0,011462 seconds
Number of updated asset objects reloaded before import = 0
Number of asset objects unloaded after import = 8
========================================================================
Received Import Request.
  Time since last request: 0,000673 seconds.
  path: Assets/Prefabs/Crows 12.prefab
  artifactKey: Guid(2e6be434400c819fd8083b8014a881c1) Importer(815301076,1909f56bfc062723c751e8b465ee728b)
Start importing Assets/Prefabs/Crows 12.prefab using Guid(2e6be434400c819fd8083b8014a881c1) Importer(815301076,1909f56bfc062723c751e8b465ee728b)  -> (artifact id: 'a4f9082e4312a6e8aa51f0bd76d75290') in 0,010983 seconds
Number of updated asset objects reloaded before import = 0
Number of asset objects unloaded after import = 8
========================================================================
Received Import Request.
  Time since last request: 0,000503 seconds.
  path: Assets/Prefabs/Crows 18.prefab
  artifactKey: Guid(d938d677f3b2a04b38691d387192a6fd) Importer(815301076,1909f56bfc062723c751e8b465ee728b)
Start importing Assets/Prefabs/Crows 18.prefab using Guid(d938d677f3b2a04b38691d387192a6fd) Importer(815301076,1909f56bfc062723c751e8b465ee728b)  -> (artifact id: '209bf007f337860881ab214270be99b2') in 0,012762 seconds
Number of updated asset objects reloaded before import = 0
Number of asset objects unloaded after import = 8
========================================================================
Received Import Request.
  Time since last request: 0,000049 seconds.
  path: Assets/Prefabs/Crows 04.prefab
  artifactKey: Guid(4e80a94426e36ddfc8fdfbad815a16c8) Importer(815301076,1909f56bfc062723c751e8b465ee728b)
Start importing Assets/Prefabs/Crows 04.prefab using Guid(4e80a94426e36ddfc8fdfbad815a16c8) Importer(815301076,1909f56bfc062723c751e8b465ee728b)  -> (artifact id: 'ea1e1bee2c9707dc380441bdd71bf3a7') in 0,011905 seconds
Number of updated asset objects reloaded before import = 0
Number of asset objects unloaded after import = 8
========================================================================
Received Import Request.
  Time since last request: 0,001419 seconds.
  path: Assets/Prefabs/Crows 11.prefab
  artifactKey: Guid(7b4229ba519f5c5fca7fb509534ced53) Importer(815301076,1909f56bfc062723c751e8b465ee728b)
Start importing Assets/Prefabs/Crows 11.prefab using Guid(7b4229ba519f5c5fca7fb509534ced53) Importer(815301076,1909f56bfc062723c751e8b465ee728b)  -> (artifact id: '55095c837072b899f4fa62cb9f99e04f') in 0,011872 seconds
Number of updated asset objects reloaded before import = 0
Number of asset objects unloaded after import = 8
========================================================================
Received Import Request.
  Time since last request: 0,000227 seconds.
  path: Assets/Prefabs/Crows 10.prefab
  artifactKey: Guid(2388d72302936865393105937055a7f8) Importer(815301076,1909f56bfc062723c751e8b465ee728b)
Start importing Assets/Prefabs/Crows 10.prefab using Guid(2388d72302936865393105937055a7f8) Importer(815301076,1909f56bfc062723c751e8b465ee728b)  -> (artifact id: 'e33dc9ee4d6e56623a8348d685a7861c') in 0,011018 seconds
Number of updated asset objects reloaded before import = 0
Number of asset objects unloaded after import = 8
========================================================================
Received Import Request.
  Time since last request: 0,000244 seconds.
  path: Assets/Prefabs/Crows 15.prefab
  artifactKey: Guid(4dab890d3ab8f14d69a75c650270dadb) Importer(815301076,1909f56bfc062723c751e8b465ee728b)
Start importing Assets/Prefabs/Crows 15.prefab using Guid(4dab890d3ab8f14d69a75c650270dadb) Importer(815301076,1909f56bfc062723c751e8b465ee728b)  -> (artifact id: '5998ae1a91d49fd3f9963948c831260a') in 0,013016 seconds
Number of updated asset objects reloaded before import = 0
Number of asset objects unloaded after import = 8
========================================================================
Received Import Request.
  Time since last request: 0,000382 seconds.
  path: Assets/Prefabs/Crows 05.prefab
  artifactKey: Guid(25026bdc73b7b895b8a75f3419d30971) Importer(815301076,1909f56bfc062723c751e8b465ee728b)
Start importing Assets/Prefabs/Crows 05.prefab using Guid(25026bdc73b7b895b8a75f3419d30971) Importer(815301076,1909f56bfc062723c751e8b465ee728b)  -> (artifact id: 'f7cd4d27daf5ec6dd60d77b50eecee30') in 0,011119 seconds
Number of updated asset objects reloaded before import = 0
Number of asset objects unloaded after import = 8
========================================================================
Received Import Request.
  Time since last request: 0,000316 seconds.
  path: Assets/Prefabs/Crows 17.prefab
  artifactKey: Guid(c45f5f5622c7451f493cebd3cb521aa1) Importer(815301076,1909f56bfc062723c751e8b465ee728b)
Start importing Assets/Prefabs/Crows 17.prefab using Guid(c45f5f5622c7451f493cebd3cb521aa1) Importer(815301076,1909f56bfc062723c751e8b465ee728b)  -> (artifact id: 'b49b34adce86bc5c7ec87ae089c53b49') in 0,012903 seconds
Number of updated asset objects reloaded before import = 0
Number of asset objects unloaded after import = 8
========================================================================
Received Import Request.
  Time since last request: 0,000286 seconds.
  path: Assets/Prefabs/Crows 06.prefab
  artifactKey: Guid(73f2f852e0abbae1582dfd55f20e9bff) Importer(815301076,1909f56bfc062723c751e8b465ee728b)
Start importing Assets/Prefabs/Crows 06.prefab using Guid(73f2f852e0abbae1582dfd55f20e9bff) Importer(815301076,1909f56bfc062723c751e8b465ee728b)  -> (artifact id: '94f3b3defd02788d8085eb28f67dc07e') in 0,015598 seconds
Number of updated asset objects reloaded before import = 0
Number of asset objects unloaded after import = 8
========================================================================
Received Import Request.
  Time since last request: 0,000585 seconds.
  path: Assets/Prefabs/Crows 20.prefab
  artifactKey: Guid(6e7a316350e25ba74b008555685eb07c) Importer(815301076,1909f56bfc062723c751e8b465ee728b)
Start importing Assets/Prefabs/Crows 20.prefab using Guid(6e7a316350e25ba74b008555685eb07c) Importer(815301076,1909f56bfc062723c751e8b465ee728b)  -> (artifact id: 'da699f351c69dd13bcb0219c999991cc') in 0,015545 seconds
Number of updated asset objects reloaded before import = 0
Number of asset objects unloaded after import = 8
========================================================================
Received Import Request.
  Time since last request: 0,000038 seconds.
  path: Assets/Prefabs/Crows 07.prefab
  artifactKey: Guid(8fdd3aaf920299c70910f3d37330a671) Importer(815301076,1909f56bfc062723c751e8b465ee728b)
Start importing Assets/Prefabs/Crows 07.prefab using Guid(8fdd3aaf920299c70910f3d37330a671) Importer(815301076,1909f56bfc062723c751e8b465ee728b)  -> (artifact id: '8ac62c70da7ac0bb212dc536f2b6d5ff') in 0,014466 seconds
Number of updated asset objects reloaded before import = 0
Number of asset objects unloaded after import = 8
========================================================================
Received Import Request.
  Time since last request: 0,001209 seconds.
  path: Assets/Prefabs/Crows 16.prefab
  artifactKey: Guid(b4d51ce883bf5321392e72ae30f647be) Importer(815301076,1909f56bfc062723c751e8b465ee728b)
Start importing Assets/Prefabs/Crows 16.prefab using Guid(b4d51ce883bf5321392e72ae30f647be) Importer(815301076,1909f56bfc062723c751e8b465ee728b)  -> (artifact id: 'a9c18b7dd2e2e76cee3ff13c29a6945a') in 0,012686 seconds
Number of updated asset objects reloaded before import = 0
Number of asset objects unloaded after import = 8
========================================================================
Received Import Request.
  Time since last request: 0,000321 seconds.
  path: Assets/Prefabs/Crows 19.prefab
  artifactKey: Guid(74dcb5cb0ecaee7d089a61e49f78e80b) Importer(815301076,1909f56bfc062723c751e8b465ee728b)
Start importing Assets/Prefabs/Crows 19.prefab using Guid(74dcb5cb0ecaee7d089a61e49f78e80b) Importer(815301076,1909f56bfc062723c751e8b465ee728b)  -> (artifact id: '51e6b4954b5ddbb4e3ceaee9a3d99b96') in 0,013551 seconds
Number of updated asset objects reloaded before import = 0
Number of asset objects unloaded after import = 8
========================================================================
Received Import Request.
  Time since last request: 0,000131 seconds.
  path: Assets/Prefabs/Crows 21.prefab
  artifactKey: Guid(af91c1fecc7809aee96f93857a71cdf2) Importer(815301076,1909f56bfc062723c751e8b465ee728b)
Start importing Assets/Prefabs/Crows 21.prefab using Guid(af91c1fecc7809aee96f93857a71cdf2) Importer(815301076,1909f56bfc062723c751e8b465ee728b)  -> (artifact id: '3a13fd8df95611005d74a89da13ab68e') in 0,013485 seconds
Number of updated asset objects reloaded before import = 0
Number of asset objects unloaded after import = 8
========================================================================
Received Import Request.
  Time since last request: 0,000036 seconds.
  path: Assets/Prefabs/Crows 14.prefab
  artifactKey: Guid(2e70d3975b378b7c18c9877d4b38e8cc) Importer(815301076,1909f56bfc062723c751e8b465ee728b)
Start importing Assets/Prefabs/Crows 14.prefab using Guid(2e70d3975b378b7c18c9877d4b38e8cc) Importer(815301076,1909f56bfc062723c751e8b465ee728b)  -> (artifact id: '559adc19d737a01587bcbaa403ee8e35') in 0,010871 seconds
Number of updated asset objects reloaded before import = 0
Number of asset objects unloaded after import = 8
========================================================================
Received Import Request.
  Time since last request: 0,000150 seconds.
  path: Assets/Prefabs/Crows 02.prefab
  artifactKey: Guid(d9eafcebc88e3aedd9d3668d6dc70fbc) Importer(815301076,1909f56bfc062723c751e8b465ee728b)
Start importing Assets/Prefabs/Crows 02.prefab using Guid(d9eafcebc88e3aedd9d3668d6dc70fbc) Importer(815301076,1909f56bfc062723c751e8b465ee728b)  -> (artifact id: 'b5ad019e86c64e98c2be488e6ca742a6') in 0,011106 seconds
Number of updated asset objects reloaded before import = 0
Number of asset objects unloaded after import = 8
========================================================================
Received Import Request.
  Time since last request: 0,000702 seconds.
  path: Assets/Prefabs/Crows 09.prefab
  artifactKey: Guid(3a1da711d0bb247fe84281e06201bd22) Importer(815301076,1909f56bfc062723c751e8b465ee728b)
Start importing Assets/Prefabs/Crows 09.prefab using Guid(3a1da711d0bb247fe84281e06201bd22) Importer(815301076,1909f56bfc062723c751e8b465ee728b)  -> (artifact id: '2f2918359eeb80ace032df634660ced9') in 0,011105 seconds
Number of updated asset objects reloaded before import = 0
Number of asset objects unloaded after import = 8
========================================================================
Received Import Request.
  Time since last request: 375,605327 seconds.
  path: Assets/Prefabs/Crows 00.prefab
  artifactKey: Guid(d7441111dfd676f6fa18e3e9fe67d637) Importer(815301076,1909f56bfc062723c751e8b465ee728b)
Start importing Assets/Prefabs/Crows 00.prefab using Guid(d7441111dfd676f6fa18e3e9fe67d637) Importer(815301076,1909f56bfc062723c751e8b465ee728b)  -> (artifact id: 'eb1cd6f0d561c368522a1fd444c8b0ac') in 0,019819 seconds
Number of updated asset objects reloaded before import = 0
Number of asset objects unloaded after import = 8
========================================================================
Received Import Request.
  Time since last request: 0,000363 seconds.
  path: Assets/Prefabs/Crows 03.prefab
  artifactKey: Guid(ac02c1c9ce7c3672cbd409e319657ce6) Importer(815301076,1909f56bfc062723c751e8b465ee728b)
Start importing Assets/Prefabs/Crows 03.prefab using Guid(ac02c1c9ce7c3672cbd409e319657ce6) Importer(815301076,1909f56bfc062723c751e8b465ee728b)  -> (artifact id: '8d9ff2233d86213a625b04cfda0b10b7') in 0,017159 seconds
Number of updated asset objects reloaded before import = 0
Number of asset objects unloaded after import = 8
========================================================================
Received Import Request.
  Time since last request: 0,000872 seconds.
  path: Assets/Prefabs/Crows 08.prefab
  artifactKey: Guid(fc30240437003a6f8ab7a237e65d876d) Importer(815301076,1909f56bfc062723c751e8b465ee728b)
Start importing Assets/Prefabs/Crows 08.prefab using Guid(fc30240437003a6f8ab7a237e65d876d) Importer(815301076,1909f56bfc062723c751e8b465ee728b)  -> (artifact id: '10346772c31fe53ab67c0ff75c6c1295') in 0,016152 seconds
Number of updated asset objects reloaded before import = 0
Number of asset objects unloaded after import = 8
========================================================================
Received Import Request.
  Time since last request: 0,000042 seconds.
  path: Assets/Prefabs/Crows 13.prefab
  artifactKey: Guid(dd5c50db435b9119893381d119fbbf15) Importer(815301076,1909f56bfc062723c751e8b465ee728b)
Start importing Assets/Prefabs/Crows 13.prefab using Guid(dd5c50db435b9119893381d119fbbf15) Importer(815301076,1909f56bfc062723c751e8b465ee728b)  -> (artifact id: 'ae6f712c25579529fb73e7d217e4db91') in 0,020124 seconds
Number of updated asset objects reloaded before import = 0
Number of asset objects unloaded after import = 8
========================================================================
Received Import Request.
  Time since last request: 0,000270 seconds.
  path: Assets/Prefabs/Crows 12.prefab
  artifactKey: Guid(2e6be434400c819fd8083b8014a881c1) Importer(815301076,1909f56bfc062723c751e8b465ee728b)
Start importing Assets/Prefabs/Crows 12.prefab using Guid(2e6be434400c819fd8083b8014a881c1) Importer(815301076,1909f56bfc062723c751e8b465ee728b)  -> (artifact id: '97bbb3338853550784ebd1d147d181f2') in 0,011434 seconds
Number of updated asset objects reloaded before import = 0
Number of asset objects unloaded after import = 8
========================================================================
Received Import Request.
  Time since last request: 0,000196 seconds.
  path: Assets/Prefabs/Crows 18.prefab
  artifactKey: Guid(d938d677f3b2a04b38691d387192a6fd) Importer(815301076,1909f56bfc062723c751e8b465ee728b)
Start importing Assets/Prefabs/Crows 18.prefab using Guid(d938d677f3b2a04b38691d387192a6fd) Importer(815301076,1909f56bfc062723c751e8b465ee728b)  -> (artifact id: 'ef0d7f0ad2ac2dd0988fd3dff534fbbf') in 0,014288 seconds
Number of updated asset objects reloaded before import = 0
Number of asset objects unloaded after import = 8
========================================================================
Received Import Request.
  Time since last request: 0,000042 seconds.
  path: Assets/Prefabs/Crows 04.prefab
  artifactKey: Guid(4e80a94426e36ddfc8fdfbad815a16c8) Importer(815301076,1909f56bfc062723c751e8b465ee728b)
Start importing Assets/Prefabs/Crows 04.prefab using Guid(4e80a94426e36ddfc8fdfbad815a16c8) Importer(815301076,1909f56bfc062723c751e8b465ee728b)  -> (artifact id: '1e87e30d4eec354beeaafd4ba2f11afd') in 0,013355 seconds
Number of updated asset objects reloaded before import = 0
Number of asset objects unloaded after import = 8
========================================================================
Received Import Request.
  Time since last request: 0,000188 seconds.
  path: Assets/Prefabs/Crows 11.prefab
  artifactKey: Guid(7b4229ba519f5c5fca7fb509534ced53) Importer(815301076,1909f56bfc062723c751e8b465ee728b)
Start importing Assets/Prefabs/Crows 11.prefab using Guid(7b4229ba519f5c5fca7fb509534ced53) Importer(815301076,1909f56bfc062723c751e8b465ee728b)  -> (artifact id: 'f4b5228775120993158422f1d2599915') in 0,013775 seconds
Number of updated asset objects reloaded before import = 0
Number of asset objects unloaded after import = 8
========================================================================
Received Import Request.
  Time since last request: 0,003577 seconds.
  path: Assets/Prefabs/Crows 01.prefab
  artifactKey: Guid(bcbaf44ad05bca50681ae84c17675947) Importer(815301076,1909f56bfc062723c751e8b465ee728b)
Start importing Assets/Prefabs/Crows 01.prefab using Guid(bcbaf44ad05bca50681ae84c17675947) Importer(815301076,1909f56bfc062723c751e8b465ee728b)  -> (artifact id: '1497d511c931d26cfdf386c409bb58b7') in 0,014700 seconds
Number of updated asset objects reloaded before import = 0
Number of asset objects unloaded after import = 8
========================================================================
Received Import Request.
  Time since last request: 0,003388 seconds.
  path: Assets/Prefabs/Crows 10.prefab
  artifactKey: Guid(2388d72302936865393105937055a7f8) Importer(815301076,1909f56bfc062723c751e8b465ee728b)
Start importing Assets/Prefabs/Crows 10.prefab using Guid(2388d72302936865393105937055a7f8) Importer(815301076,1909f56bfc062723c751e8b465ee728b)  -> (artifact id: '790025620d0b5b8674c5df447506a81a') in 0,015067 seconds
Number of updated asset objects reloaded before import = 0
Number of asset objects unloaded after import = 8
========================================================================
Received Import Request.
  Time since last request: 0,000038 seconds.
  path: Assets/Prefabs/Crows 15.prefab
  artifactKey: Guid(4dab890d3ab8f14d69a75c650270dadb) Importer(815301076,1909f56bfc062723c751e8b465ee728b)
Start importing Assets/Prefabs/Crows 15.prefab using Guid(4dab890d3ab8f14d69a75c650270dadb) Importer(815301076,1909f56bfc062723c751e8b465ee728b)  -> (artifact id: '194a94666ab4a9b2986c8e8195c2d534') in 0,020578 seconds
Number of updated asset objects reloaded before import = 0
Number of asset objects unloaded after import = 8
========================================================================
Received Import Request.
  Time since last request: 0,000303 seconds.
  path: Assets/Prefabs/Crows 05.prefab
  artifactKey: Guid(25026bdc73b7b895b8a75f3419d30971) Importer(815301076,1909f56bfc062723c751e8b465ee728b)
Start importing Assets/Prefabs/Crows 05.prefab using Guid(25026bdc73b7b895b8a75f3419d30971) Importer(815301076,1909f56bfc062723c751e8b465ee728b)  -> (artifact id: 'ba80c43f41297669f321d7877dead8d0') in 0,014997 seconds
Number of updated asset objects reloaded before import = 0
Number of asset objects unloaded after import = 8
========================================================================
Received Import Request.
  Time since last request: 0,000474 seconds.
  path: Assets/Prefabs/Crows 17.prefab
  artifactKey: Guid(c45f5f5622c7451f493cebd3cb521aa1) Importer(815301076,1909f56bfc062723c751e8b465ee728b)
Start importing Assets/Prefabs/Crows 17.prefab using Guid(c45f5f5622c7451f493cebd3cb521aa1) Importer(815301076,1909f56bfc062723c751e8b465ee728b)  -> (artifact id: '17cb8d9d23ae866d7a72fb9dfeba2c99') in 0,016173 seconds
Number of updated asset objects reloaded before import = 0
Number of asset objects unloaded after import = 8
========================================================================
Received Import Request.
  Time since last request: 0,000297 seconds.
  path: Assets/Prefabs/Crows 06.prefab
  artifactKey: Guid(73f2f852e0abbae1582dfd55f20e9bff) Importer(815301076,1909f56bfc062723c751e8b465ee728b)
Start importing Assets/Prefabs/Crows 06.prefab using Guid(73f2f852e0abbae1582dfd55f20e9bff) Importer(815301076,1909f56bfc062723c751e8b465ee728b)  -> (artifact id: 'fb94ddd9da8658f404110418d3bc23a9') in 0,014230 seconds
Number of updated asset objects reloaded before import = 0
Number of asset objects unloaded after import = 8
========================================================================
Received Import Request.
  Time since last request: 0,000037 seconds.
  path: Assets/Prefabs/Crows 20.prefab
  artifactKey: Guid(6e7a316350e25ba74b008555685eb07c) Importer(815301076,1909f56bfc062723c751e8b465ee728b)
Start importing Assets/Prefabs/Crows 20.prefab using Guid(6e7a316350e25ba74b008555685eb07c) Importer(815301076,1909f56bfc062723c751e8b465ee728b)  -> (artifact id: 'a656e905746747cdbfe569cb262006f8') in 0,016669 seconds
Number of updated asset objects reloaded before import = 0
Number of asset objects unloaded after import = 8
========================================================================
Received Import Request.
  Time since last request: 0,000321 seconds.
  path: Assets/Prefabs/Crows 07.prefab
  artifactKey: Guid(8fdd3aaf920299c70910f3d37330a671) Importer(815301076,1909f56bfc062723c751e8b465ee728b)
Start importing Assets/Prefabs/Crows 07.prefab using Guid(8fdd3aaf920299c70910f3d37330a671) Importer(815301076,1909f56bfc062723c751e8b465ee728b)  -> (artifact id: 'b66c9348ee52476c918998b5c140f8ff') in 0,015028 seconds
Number of updated asset objects reloaded before import = 0
Number of asset objects unloaded after import = 8
========================================================================
Received Import Request.
  Time since last request: 0,000420 seconds.
  path: Assets/Prefabs/Crows 16.prefab
  artifactKey: Guid(b4d51ce883bf5321392e72ae30f647be) Importer(815301076,1909f56bfc062723c751e8b465ee728b)
Start importing Assets/Prefabs/Crows 16.prefab using Guid(b4d51ce883bf5321392e72ae30f647be) Importer(815301076,1909f56bfc062723c751e8b465ee728b)  -> (artifact id: '619b089541657734c6afec2c8994e13a') in 0,013400 seconds
Number of updated asset objects reloaded before import = 0
Number of asset objects unloaded after import = 8
========================================================================
Received Import Request.
  Time since last request: 0,000049 seconds.
  path: Assets/Prefabs/Crows 19.prefab
  artifactKey: Guid(74dcb5cb0ecaee7d089a61e49f78e80b) Importer(815301076,1909f56bfc062723c751e8b465ee728b)
Start importing Assets/Prefabs/Crows 19.prefab using Guid(74dcb5cb0ecaee7d089a61e49f78e80b) Importer(815301076,1909f56bfc062723c751e8b465ee728b)  -> (artifact id: 'ac23fc9b64898aecacdc2a14a38cf3d3') in 0,015992 seconds
Number of updated asset objects reloaded before import = 0
Number of asset objects unloaded after import = 8
========================================================================
Received Import Request.
  Time since last request: 0,000037 seconds.
  path: Assets/Prefabs/Crows 21.prefab
  artifactKey: Guid(af91c1fecc7809aee96f93857a71cdf2) Importer(815301076,1909f56bfc062723c751e8b465ee728b)
Start importing Assets/Prefabs/Crows 21.prefab using Guid(af91c1fecc7809aee96f93857a71cdf2) Importer(815301076,1909f56bfc062723c751e8b465ee728b)  -> (artifact id: '7c040eb8c97b8f6a22c53d68df842e44') in 0,018371 seconds
Number of updated asset objects reloaded before import = 0
Number of asset objects unloaded after import = 8
========================================================================
Received Import Request.
  Time since last request: 0,000100 seconds.
  path: Assets/Prefabs/Crows 14.prefab
  artifactKey: Guid(2e70d3975b378b7c18c9877d4b38e8cc) Importer(815301076,1909f56bfc062723c751e8b465ee728b)
Start importing Assets/Prefabs/Crows 14.prefab using Guid(2e70d3975b378b7c18c9877d4b38e8cc) Importer(815301076,1909f56bfc062723c751e8b465ee728b)  -> (artifact id: 'cf4eb0ceb92137a050bdd83e697383be') in 0,015509 seconds
Number of updated asset objects reloaded before import = 0
Number of asset objects unloaded after import = 8
========================================================================
Received Import Request.
  Time since last request: 0,001307 seconds.
  path: Assets/Prefabs/Crows 02.prefab
  artifactKey: Guid(d9eafcebc88e3aedd9d3668d6dc70fbc) Importer(815301076,1909f56bfc062723c751e8b465ee728b)
Start importing Assets/Prefabs/Crows 02.prefab using Guid(d9eafcebc88e3aedd9d3668d6dc70fbc) Importer(815301076,1909f56bfc062723c751e8b465ee728b)  -> (artifact id: 'bcefc535130d522cf3bc648aa5c7bbed') in 0,017328 seconds
Number of updated asset objects reloaded before import = 0
Number of asset objects unloaded after import = 8
========================================================================
Received Import Request.
  Time since last request: 0,007849 seconds.
  path: Assets/Prefabs/Crows 09.prefab
  artifactKey: Guid(3a1da711d0bb247fe84281e06201bd22) Importer(815301076,1909f56bfc062723c751e8b465ee728b)
Start importing Assets/Prefabs/Crows 09.prefab using Guid(3a1da711d0bb247fe84281e06201bd22) Importer(815301076,1909f56bfc062723c751e8b465ee728b)  -> (artifact id: '1d2cf9c2dd74833adf0aa0c81f37bd97') in 0,017949 seconds
Number of updated asset objects reloaded before import = 0
Number of asset objects unloaded after import = 8
========================================================================
Received Prepare
Begin MonoManager ReloadAssembly
- Loaded All Assemblies, in  1,054 seconds
Refreshing native plugins compatible for Editor in 6,58 ms, found 1 plugins.
Native extension for LinuxStandalone target not found
[Package Manager] Server::EnsureServerProcessIsRunning -- launch failed, reason: Unity was launched with the -noUpm command-line argument
[Package Manager] UpmClient::Send -- Unable to send message (not connected to UPM process).
[Package Manager] Cannot connect to Unity Package Manager local server
Mono: successfully reloaded assembly
- Finished resetting the current domain, in  1,832 seconds
Domain Reload Profiling: 2884ms
	BeginReloadAssembly (287ms)
		ExecutionOrderSort (0ms)
		DisableScriptedObjects (38ms)
		BackupInstance (0ms)
		ReleaseScriptingObjects (0ms)
		CreateAndSetChildDomain (104ms)
	RebuildCommonClasses (103ms)
	RebuildNativeTypeToScriptingClass (28ms)
	initialDomainReloadingComplete (77ms)
	LoadAllAssembliesAndSetupDomain (556ms)
		LoadAssemblies (572ms)
		RebuildTransferFunctionScriptingTraits (0ms)
		AnalyzeDomain (84ms)
			TypeCache.Refresh (25ms)
				TypeCache.ScanAssembly (0ms)
			ScanForSourceGeneratedMonoScriptInfo (39ms)
			ResolveRequiredComponents (18ms)
	FinalizeReload (1834ms)
		ReleaseScriptCaches (0ms)
		RebuildScriptCaches (0ms)
		SetupLoadedEditorAssemblies (882ms)
			LogAssemblyErrors (0ms)
			InitializePlatformSupportModulesInManaged (15ms)
			SetLoadedEditorAssemblies (9ms)
			RefreshPlugins (0ms)
			BeforeProcessingInitializeOnLoad (147ms)
			ProcessInitializeOnLoadAttributes (626ms)
			ProcessInitializeOnLoadMethodAttributes (78ms)
			AfterProcessingInitializeOnLoad (7ms)
			EditorAssembliesLoaded (1ms)
		ExecutionOrderSort2 (0ms)
		AwakeInstancesAfterBackupRestoration (27ms)
Refreshing native plugins compatible for Editor in 5,92 ms, found 1 plugins.
Preloading 0 native plugins for Editor in 0,00 ms.
Unloading 4023 Unused Serialized files (Serialized files now loaded: 0)
Unloading 42 unused Assets / (154,1 KB). Loaded Objects now: 4509.
Memory consumption went from 148,8 MB to 148,6 MB.
Total: 9,146850 ms (FindLiveObjects: 0,704767 ms CreateObjectMapping: 0,284482 ms MarkObjects: 7,774213 ms  DeleteObjects: 0,379790 ms)

Prepare: number of updated asset objects reloaded= 0
AssetImportParameters requested are different than current active one (requested -> active):
  custom:container-demuxer-ogg: 62fdf1f143b41e24485cea50d1cbac27 -> 
  custom:video-decoder-ogg-theora: a1e56fd34408186e4bbccfd4996cb3dc -> 
  custom:CustomObjectIndexerAttribute: efbeaf2078ee4010e9a0b7bd6667f9dd -> 
  custom:container-demuxer-webm: 4f35f7cbe854078d1ac9338744f61a02 -> 
  custom:container-muxer-webm: aa71ff27fc2769a1b78a27578f13a17b -> 
  custom:video-decoder-webm-vp8: 9c59270c3fd7afecdb556c50c9e8de78 -> 
  custom:SearchIndexIgnoredProperties: e643bd26f0fe6173181afceb89e7c659 -> 
  custom:AudioImporter_EditorPlatform: 2f0ff77a95e0ac474e3e8eeba4e2f7cb -> 
  custom:video-encoder-webm-vp8: eb34c28f22e8b96e1ab97ce403110664 -> 
  custom:audio-decoder-ogg-vorbis: bf7c407c2cedff20999df2af8eb42d56 -> 
  custom:audio-encoder-webm-vorbis: bf7c407c2cedff20999df2af8eb42d56 -> 
